<?xml version="1.0" encoding="UTF-8"?>
<!-- Generated by org.testng.reporters.JUnitReportReporter -->
<testsuite hostname="icd-ChengYangyang" name="com.baishui.testng.Test001" tests="2" failures="0" timestamp="10 Jan 2012 06:47:16 GMT" time="0.016" errors="0">
  <testcase name="testExecute2" time="0.000" classname="com.baishui.testng.Test001"/>
  <testcase name="testExecute1" time="0.016" classname="com.baishui.testng.Test001"/>
</testsuite>
